Exception in thread "async-dispatch-7" java.lang.RuntimeException: Error executing riak query
	at io.Riak.eventsSince(Riak.java:203)
	at sun.reflect.GeneratedMethodAccessor10.invoke(Unknown Source)
	at sun.reflect.DelegatingMethodAccessorImpl.invoke(DelegatingMethodAccessorImpl.java:43)
	at java.lang.reflect.Method.invoke(Method.java:483)
	at clojure.lang.Reflector.invokeMatchingMethod(Reflector.java:93)
	at clojure.lang.Reflector.invokeInstanceMethod(Reflector.java:28)
	at eventstore.riak.RiakDB.lazy_events_page(riak.clj:83)
	at eventstore.riak.RiakDB$fn__26845.invoke(riak.clj:87)
	at clojure.lang.LazySeq.sval(LazySeq.java:40)
	at clojure.lang.LazySeq.seq(LazySeq.java:56)
	at clojure.lang.RT.seq(RT.java:507)
	at clojure.core$seq__4126.invoke(core.clj:135)
	at clojure.core$empty_QMARK_.invoke(core.clj:5944)
	at eventstore.streams$eval27464$fn__27465$fn__27501$state_machine__9137__auto____27502$fn__27504.invoke(streams.clj:200)
	at eventstore.streams$eval27464$fn__27465$fn__27501$state_machine__9137__auto____27502.invoke(streams.clj:194)
	at clojure.core.async.impl.ioc_macros$run_state_machine.invoke(ioc_macros.clj:940)
	at clojure.core.async.impl.ioc_macros$run_state_machine_wrapped.invoke(ioc_macros.clj:944)
	at clojure.core.async.impl.ioc_macros$put_BANG_$fn__9159.invoke(ioc_macros.clj:961)
	at clojure.core.async.impl.channels.ManyToManyChannel$fn__4833.invoke(channels.clj:192)
	at clojure.lang.AFn.run(AFn.java:22)
	at java.util.concurrent.ThreadPoolExecutor.runWorker(ThreadPoolExecutor.java:1142)
	at java.util.concurrent.ThreadPoolExecutor$Worker.run(ThreadPoolExecutor.java:617)
	at java.lang.Thread.run(Thread.java:745)
Caused by: java.util.concurrent.ExecutionException: com.basho.riak.client.core.netty.RiakResponseException: Failed to search
	at com.basho.riak.client.core.FutureOperation.get(FutureOperation.java:260)
	at io.Riak.eventsSince(Riak.java:201)
	... 22 more
Caused by: com.basho.riak.client.core.netty.RiakResponseException: Failed to search
	at com.basho.riak.client.core.netty.RiakResponseHandler.channelRead(RiakResponseHandler.java:52)
	at io.netty.channel.DefaultChannelHandlerContext.invokeChannelRead(DefaultChannelHandlerContext.java:340)
	at io.netty.channel.DefaultChannelHandlerContext.fireChannelRead(DefaultChannelHandlerContext.java:326)
	at io.netty.handler.codec.ByteToMessageDecoder.channelRead(ByteToMessageDecoder.java:155)
	at io.netty.handler.codec.ByteToMessageCodec.channelRead(ByteToMessageCodec.java:108)
	at io.netty.channel.DefaultChannelHandlerContext.invokeChannelRead(DefaultChannelHandlerContext.java:340)
	at io.netty.channel.DefaultChannelHandlerContext.fireChannelRead(DefaultChannelHandlerContext.java:326)
	at io.netty.channel.DefaultChannelPipeline.fireChannelRead(DefaultChannelPipeline.java:785)
	at io.netty.channel.nio.AbstractNioByteChannel$NioByteUnsafe.read(AbstractNioByteChannel.java:116)
	at io.netty.channel.nio.NioEventLoop.processSelectedKey(NioEventLoop.java:494)
	at io.netty.channel.nio.NioEventLoop.processSelectedKeysOptimized(NioEventLoop.java:461)
	at io.netty.channel.nio.NioEventLoop.processSelectedKeys(NioEventLoop.java:378)
	at io.netty.channel.nio.NioEventLoop.run(NioEventLoop.java:350)
	at io.netty.util.concurrent.SingleThreadEventExecutor$2.run(SingleThreadEventExecutor.java:101)
	... 1 more

